<?xml version="1.0" encoding="UTF-8"?>
<!-- Generated by org.testng.reporters.JUnitReportReporter -->
<testsuite hostname="DESKTOP-CSMSGNF" failures="0" tests="1" name="test.LoginTest" time="3.848" errors="0" timestamp="2022-11-04T06:11:53 CDT" skipped="0">
  <testcase classname="test.LoginTest" name="loginTest1" time="3.848"/>
  <system-out/>
</testsuite> <!-- test.LoginTest -->
