<?xml version="1.0" encoding="UTF-8"?>
<!-- Generated by org.testng.reporters.JUnitReportReporter -->
<testsuite hostname="DESKTOP-CSMSGNF" failures="0" tests="1" name="test.Add_from_ListCustomerTest" time="13.914" errors="0" timestamp="2022-11-04T06:10:22 CDT" skipped="0">
  <testcase classname="test.Add_from_ListCustomerTest" name="AddFromListCustomer" time="13.914"/>
  <system-out/>
</testsuite> <!-- test.Add_from_ListCustomerTest -->
