<?xml version="1.0" encoding="UTF-8"?>
<!-- Generated by org.testng.reporters.JUnitReportReporter -->
<testsuite hostname="DESKTOP-CSMSGNF" failures="0" tests="1" name="test.AddCustomerTest" time="14.214" errors="0" timestamp="2022-11-04T06:11:25 CDT" skipped="0">
  <testcase classname="test.AddCustomerTest" name="loginTest1" time="14.214"/>
  <system-out/>
</testsuite> <!-- test.AddCustomerTest -->
